1533784626781	geckodriver	INFO	geckodriver 0.19.1
1533784626958	geckodriver	INFO	Listening on 127.0.0.1:52827
1533784631109	mozrunner::runner	INFO	Running command: "C:\\Program Files (x86)\\Mozilla Firefox\\firefox.exe" "-marionette" "-profile" "C:\\Users\\sobers\\AppData\\Local\\Temp\\rust_mozprofile.iTRZwMkXh2IX"
Unable to read VR Path Registry from C:\Users\sobers\AppData\Local\openvr\openvrpaths.vrpath
1533784640926	Marionette	INFO	Enabled via --marionette
Unable to read VR Path Registry from C:\Users\sobers\AppData\Local\openvr\openvrpaths.vrpath
Unable to read VR Path Registry from C:\Users\sobers\AppData\Local\openvr\openvrpaths.vrpath
Unable to read VR Path Registry from C:\Users\sobers\AppData\Local\openvr\openvrpaths.vrpath
[Child 12556, Chrome_ChildThread] WARNING: pipe error: 109: file z:/build/build/src/ipc/chromium/src/chrome/common/ipc_channel_win.cc, line 346
[ChiUnable to read VR Path Registry from C:\Users\sobers\AppData\Local\openvr\openvrpaths.vrpath
Unable to read VR Path Registry from C:\Users\sobers\AppData\Local\openvr\openvrpaths.vrpath
1533784658266	Marionette	INFO	Listening on port 52893
1533784658642	Marionette	WARN	TLS certificate errors will be ignored for this session
JavaScript error: http://games.espn.com/ffl/clubhouse?leagueId=413011&teamId=1&seasonId=2015#, line 53: SyntaxError: unterminated string literal
[Parent 2360, Gecko_IOThread] WARNING: pipe error: 109: file z:/build/build/src/ipc/chromium/src/chrome/common/ipc_channel_win.cc, line 346
[Parent 2360, Gecko_IOThread] WARNING: pipe error: 109: file z:/build/build/src/ipc/chromium/src/chrome/common/ipc_channel_win.cc, line 346
[Child 12460, Chrome_ChildThread] WARNING: pipe error: 109: file z:/build/build/src/ipc/chromium/src/chrome/common/ipc_channel_win.cc, line 346
[Child 12
###!!! [Child][MessageChannel::SendAndWait] Error: Channel error: cannot send/recv

ata\Local\openvr\openvrpaths.vrpath
Unable to read VR Path Registry from UCnable to read VR Path Registry from :\Users\sobers\AppData\Local\openC:\Users\sobers\AppData\Local\openvr\openvrpaths.vrpath
vr\openvrpaths.vrpath
1533790509600	Marionette	INFO	Listening on port 63568
1533790510082	Marionette	WARN	TLS certificate errors will be ignored for this session
Unable to read VR Path Registry from C:\Users\sobers\AppData\Local\openvr\openvrpaths.vrpath
JavaScript error: http://games.espn.com/ffl/clubhouse?leagueId=413011&teamId=1&seasonId=2015#, line 53: SyntaxError: unterminated string literal
[Parent 1872, Gecko_IOThread] WARNING: pipe error: 109: file z:/build/build/src/ipc/chromium/src/chrome/common/ipc_channel_win.cc, line 346
[Parent 1872, Gecko_IOThread] WARNING: pipe error: 109: file z:/build/build/src/ipc/chromium/src/chrome/common/ipc_channel_win.cc, line 346
[Child 15860, Chrome_ChildThread] WARNING: pipe error: 109: file z:/build/build/src/ipc/chromium/src/chrome/common/ipc_channel_win.cc, line 346
[Chil[Child 15860, d 13932, Chrome_ChildThread] WARNING: pipe error: 109: file z:/build/build/src/ipc/chromium/src/chrome/common/ipc_channel_win.cc, line 346
[Child 13932, Ch[Parent 1872, Gecko_IOThread] WARNING: pipe error: 109: file z:/build/build/src/ipc/chromium/src/chrome/common/ipc_channel_win.cc, line 346

###!!! [Child][MessageChannel::SendAndWait] Error: Channel error: cannot send/recv

om C:\Users\sobers\AppData\Local\openvr\openvrpaths.vrpath
Unable to read VR Path Registry from C:\Users\sobers\AppData\Local\openvr\openvrpaths.vrpath
JavaScript error: http://games.espn.com/ffl/clubhouse?leagueId=413011&teamId=1&seasonId=2015#, line 53: SyntaxError: unterminated string literal
[Parent 11384, Gecko_IOThread] WARNING: pipe error: 109: file z:/build/build/src/ipc/chromium/src/chrome/common/ipc_channel_win.cc, line 346
[Child 16232, Chrome_ChildThread] WARNING: pipe error: 109: file z:/build/build/src/ipc/chromium/src/chrome/common/ipc_channel_win.cc, line 346
[Child 16232, Chrome_ChildThread] WARNING: pipe error: 109: file z:/build/build/src/i[Parent 11384, Gecko_IOThread] WARNING: pipe error: 109: file z:/build/build/src/ipc/chromium/src/chrome/common/ipc_channel_win.cc, line 346
[C
###!!! [Child][MessageChannel::SendAndWait] Error: Channel error: cannot send/recv

1534308011477	geckodriver	INFO	geckodriver 0.19.1
1534308011520	geckodriver	INFO	Listening on 127.0.0.1:60069
1534308014963	mozrunner::runner	INFO	Running command: "C:\\Program Files (x86)\\Mozilla Firefox\\firefox.exe" "-marionette" "-profile" "C:\\Users\\sobers\\AppData\\Local\\Temp\\rust_mozprofile.g5E142OEgjUy"
Unable to read VR Path Registry from C:\Users\sobers\AppData\Local\openvr\openvrpaths.vrpath
1534308021218	Marionette	INFO	Enabled via --marionette
Unable to read VR Path Registry from C:\Users\sobers\AppData\Local\openvr\openvrpaths.vrpath
Unable to read VR Path Registry from C:\Users\sobers\AppData\Local\openvr\openvrpaths.vrpath
Unable to read VR Path Registry from C:\Users\sobers\AppData\Local\openvr\openvrpaths.vrpath
Unable to read VR Path Registry from C:\Users\sobers\AppData\Local\openvr\openvrpaths.vrpath
1534308033468	Marionette	INFO	Listening on port 60094
1534308034274	Marionette	WARN	TLS certificate errors will be ignored for this session
JavaScript error: http://games.espn.com/ffl/clubhouse?leagueId=413011&teamId=1&seasonId=2015#, line 53: SyntaxError: unterminated string literal
1534308129618	geckodriver	INFO	geckodriver 0.19.1
1534308129635	geckodriver	INFO	Listening on 127.0.0.1:60545
1534308132755	mozrunner::runner	INFO	Running command: "C:\\Program Files (x86)\\Mozilla Firefox\\firefox.exe" "-marionette" "-profile" "C:\\Users\\sobers\\AppData\\Local\\Temp\\rust_mozprofile.a7LmMhbLrXRh"
Unable to read VR Path Registry from C:\Users\sobers\AppData\Local\openvr\openvrpaths.vrpath
1534308134742	Marionette	INFO	Enabled via --marionette
Unable to read VR Path Registry from C:\Users\sobers\AppData\Local\openvr\openvrpaths.vrpath
Unable to read VR Path Registry from C:\Users\sobers\AppData\Local\openvr\openvrpaths.vrpath
Unable to read VR Path Registry from C:\Users\sobers\AppData\Local\openvr\openvrpaths.vrpath
1534308141188	Marionette	INFO	Listening on port 60557
1534308142474	Marionette	WARN	TLS certificate errors will be ignored for this session
JavaScript error: http://games.espn.com/ffl/clubhouse?leagueId=413011&teamId=1&seasonId=2015#, line 53: SyntaxError: unterminated string literal
Unable to read VR Path Registry from C:\Users\sobers\AppData\Local\openvr\openvrpaths.vrpath
[Parent 15556, Gecko_IOThread] WARNING: pipe error: 109: file z:/build/build/src/ipc/chromium/src/chrome/common/ipc_channel_win.cc, line 346
[Parent 15556, Gecko_IOThread] WARNING: pipe error: 109: file z:/build/build/src/ipc/chromium/src/chrome/common/ipc_channel_win.cc, line 346
[Child 12488, Chrome_ChildThread] WARNING: pipe error: 109: file z:/build/build/src/ipc/chromium/src/chrome/common/ipc_channel_win.cc, line 346
[Child 12488, Chr[Parent 15556, Gecko_IOThread] WARNING: pipe error: 109: file z:/build/build/src/ipc/chromium/src/chrome/common/ipc_channel_win.cc, line 346
*** UTM:SVC TimerManager:registerTimer called after profile-before-change notification. Ignoring timer registration for id: telemetry_modules_ping

###!!! [Child][MessageChannel::SendAndWait] Error: Channel error: cannot send/recv

1534308283850	geckodriver	INFO	geckodriver 0.19.1
1534308283866	geckodriver	INFO	Listening on 127.0.0.1:61146
1534308286957	mozrunner::runner	INFO	Running command: "C:\\Program Files (x86)\\Mozilla Firefox\\firefox.exe" "-marionette" "-profile" "C:\\Users\\sobers\\AppData\\Local\\Temp\\rust_mozprofile.b8tR3rLHTa59"
Unable to read VR Path Registry from C:\Users\sobers\AppData\Local\openvr\openvrpaths.vrpath
1534308290148	Marionette	INFO	Enabled via --marionette
Unable to read VR Path Registry from C:\Users\sobers\AppData\Local\openvr\openvrpaths.vrpath
Unable to read VR Path Registry from C:\Users\sobers\AppData\Local\openvr\openvrpaths.vrpath
Unable to read VR Path Registry from C:\Users\sobers\AppData\Local\openvr\openvrpaths.vrpath
Unable to read VR Path Registry from C:\Users\sobers\AppData\Local\openvr\openvrpaths.vrpath
1534308296006	Marionette	INFO	Listening on port 61159
1534308296884	Marionette	WARN	TLS certificate errors will be ignored for this session
JavaScript error: http://games.espn.com/ffl/clubhouse?leagueId=413011&teamId=1&seasonId=2015#, line 53: SyntaxError: unterminated string literal
[Parent 268, Gecko_IOThread] WARNING: pipe error: 109: file z:/build/build/src/ipc/chromium/src/chrome/common/ipc_channel_win.cc, line 346
[Child 6632, Chrome_ChildThread] WARNING: pipe error: 109: file z:/build/build/src/ipc/chromium/src/chrome/common/ipc_channel_win.cc, line 346
[Child 6632, 1534308304053	geckodriver	INFO	geckodriver 0.19.1
1534308304075	geckodriver	INFO	Listening on 127.0.0.1:61283
1534308307078	mozrunner::runner	INFO	Running command: "C:\\Program Files (x86)\\Mozilla Firefox\\firefox.exe" "-marionette" "-profile" "C:\\Users\\sobers\\AppData\\Local\\Temp\\rust_mozprofile.s7OpdCc9MLYA"
Unable to read VR Path Registry from C:\Users\sobers\AppData\Local\openvr\openvrpaths.vrpath
1534308312430	Marionette	INFO	Enabled via --marionette
Unable to read VR Path Registry from C:\Users\sobers\AppData\Local\openvr\openvrpaths.vrpath
Unable to read VR Path Registry from C:\Users\sobers\AppData\Local\openvr\openvrpaths.vrpath
Unable to read VR Path Registry from C:\Users\sobers\AppData\Local\openvr\openvrpaths.vrpath
Unable to read VR Path Registry from C:\Users\sobers\AppData\Local\openvr\openvrpaths.vrpath
Unable to read VR Path Registry from C:\Users\sobers\AppData\Local\openvr\openvrpaths.vrpath
1534308323076	Marionette	INFO	Listening on port 61296
1534308323832	Marionette	WARN	TLS certificate errors will be ignored for this session
JavaScript error: http://games.espn.com/ffl/clubhouse?leagueId=413011&teamId=1&seasonId=2015#, line 53: SyntaxError: unterminated string literal

###!!! [Child][MessageChannel::SendAndWait] Error: Channel error: cannot send/recv

ng on 127.0.0.1:62744
1534308730737	mozrunner::runner	INFO	Running command: "C:\\Program Files (x86)\\Mozilla Firefox\\firefox.exe" "-marionette" "-profile" "C:\\Users\\sobers\\AppData\\Local\\Temp\\rust_mozprofile.DyIK8e1UXCWC"
Unable to read VR Path Registry from C:\Users\sobers\AppData\Local\openvr\openvrpaths.vrpath
1534308734272	Marionette	INFO	Enabled via --marionette
Unable to read VR Path Registry from C:\Users\sobers\AppData\Local\openvr\openvrpaths.vrpath
Unable to read VR Path Registry from C:\Users\sobers\AppData\Local\openvr\openvrpaths.vrpath
Unable to read VR Path Registry from C:\Users\sobers\AppData\Local\openvr\openvrpaths.vrpath
[Parent 14244, Gecko_IOThread] WARNING: pipe error: 109: file z:/build/build/src/ipc/chromium/src/chrome/common/ipc_channel_win.cc, line 346
[Child 6860, Chrome_ChildThread] WARNING: pipe error: 109: file z:/build/build/src/ipc/chromium/src/chrome/common/ipc_channel_win.cc, line 346
[Child 6860, C1534308744232	Marionette	INFO	Listening on port 62767
1534308744406	Marionette	WARN	TLS certificate errors will be ignored for this session
JavaScript error: http://games.espn.com/ffl/clubhouse?leagueId=413011&teamId=1&seasonId=2015#, line 53: SyntaxError: unterminated string literal
Unable to read VR Path Registry from C:\Users\sobers\AppData\Local\openvr\openvrpaths.vrpath
Unable to read VR Path Registry from C:\Users\sobers\AppData\Local\openvr\openvrpaths.vrpath
[Parent 14244, Gecko_IOThread] WARNING: pipe error: 109: file z:/build/build/src/ipc/chromium/src/chrome/common/ipc_channel_win.cc, line 346
[Child 13880, Chrome_ChildThread] WARNING: pipe error: 109: file z:/build/build/src/ipc/chromium/src/chrome/common/ipc_channel_win.cc, line 346
[Child 15208, Chrome_ChildThread] WARNING: pipe error: 109: file z:/build/build/src/ipc/chromium/src/chrome/common/ipc_channel_win.cc, line 346
[Child 15208, Chrome_Child[Parent 14244, Gecko_IOThread] WARNING: pipe error: 109: file z:/build/build/src/ipc/chromium/src/chrome/common/ipc_channel_win.cc, line 346

###!!! [Child][MessageChannel::SendAndWait] Error: Channel error: cannot send/recv

rom C:\Users\sobers\AppData\Local\openvr\openvrpaths.vrpath
[Parent 15740, Gecko_IOThread] WARNING: pipe error: 109: file z:/build/build/src/ipc/chromium/src/chrome/common/ipc_channel_win.cc, line 346
1534309214348	Marionette	INFO	Listening on port 64327
1534309216336	Marionette	WARN	TLS certificate errors will be ignored for this session
JavaScript error: http://games.espn.com/ffl/clubhouse?leagueId=413011&teamId=1&seasonId=2015#, line 53: SyntaxError: unterminated string literal
Unable to read VR Path Registry from C:\Users\sobers\AppData\Local\openvr\openvrpaths.vrpath
Unable to read VR Path Registry from C:\Users\sobers\AppData\Local\openvr\openvrpaths.vrpath
1534309398652	geckodriver	INFO	geckodriver 0.19.1
1534309398669	geckodriver	INFO	Listening on 127.0.0.1:65019
1534309401872	mozrunner::runner	INFO	Running command: "C:\\Program Files (x86)\\Mozilla Firefox\\firefox.exe" "-marionette" "-profile" "C:\\Users\\sobers\\AppData\\Local\\Temp\\rust_mozprofile.JNTd97sVPhxA"
Unable to read VR Path Registry from C:\Users\sobers\AppData\Local\openvr\openvrpaths.vrpath
1534309404690	Marionette	INFO	Enabled via --marionette
Unable to read VR Path Registry from C:\Users\sobers\AppData\Local\openvr\openvrpaths.vrpath
Unable to read VR Path Registry from C:\Users\sobers\AppData\Local\openvr\openvrpaths.vrpath
Unable to read VR Path Registry from C:\Users\sobers\AppData\Local\openvr\openvrpaths.vrpath
1534309410500	Marionette	INFO	Listening on port 65033
1534309412008	Marionette	WARN	TLS certificate errors will be ignored for this session
JavaScript error: http://games.espn.com/ffl/clubhouse?leagueId=413011&teamId=1&seasonId=2015#, line 53: SyntaxError: unterminated string literal
Unable to read VR Path Registry from C:\Users\sobers\AppData\Local\openvr\openvrpaths.vrpath
[Parent 9320, Gecko_IOThread] WARNING: pipe error: 109: file z:/build/build/src/ipc/chromium/src/chrome/common/ipc_channel_win.cc, line 346
[Parent 9320, Gecko_IOThread] WARNING: pipe error: 109: file z:/build/build/src/ipc/chromium/src/chrome/common/ipc_channel_win.cc, line 346
[Child 14496, Chrome_ChildThread] WARNING: pipe error: 109: file z:/build/build/src/ipc/chromium/src/chrome/common/ipc_channel_win.cc, line 346
[Child 
###!!! [Child][MessageChannel::SendAndWait] Error: Channel error: cannot send/recv

